<?xml version="1.0" encoding="utf-8"?><testsuites><testsuite name="pytest" errors="1" failures="0" skipped="0" tests="1" time="3.418" timestamp="2025-10-13T01:52:50.448305" hostname="bgc-mbp-m1.local"><testcase classname="" name="tests.p3_t4_integration_test" time="0.000"><error message="collection failure">ImportError while importing test module '/Users/brennanconley/vibecode/wekadocs-matrix/tests/p3_t4_integration_test.py'.
Hint: make sure your test modules/packages have valid Python names.
Traceback:
/opt/homebrew/Cellar/python@3.11/3.11.13_1/Frameworks/Python.framework/Versions/3.11/lib/python3.11/importlib/__init__.py:126: in import_module
    return _bootstrap._gcd_import(name[level:], package, level)
tests/p3_t4_integration_test.py:13: in &lt;module&gt;
    from src.ingestion.incremental import incremental_upsert_document
E   ImportError: cannot import name 'incremental_upsert_document' from 'src.ingestion.incremental' (/Users/brennanconley/vibecode/wekadocs-matrix/src/ingestion/incremental.py)</error></testcase></testsuite></testsuites>
