<?xml version="1.0" encoding="utf-8"?><testsuites><testsuite name="pytest" errors="0" failures="0" skipped="0" tests="23" time="0.858" timestamp="2025-10-13T01:13:38.851110" hostname="bgc-mbp-m1.local"><testcase classname="tests.p3_t1_test.TestMarkdownParser" name="test_parse_getting_started" time="0.017" /><testcase classname="tests.p3_t1_test.TestMarkdownParser" name="test_parse_determinism" time="0.030" /><testcase classname="tests.p3_t1_test.TestMarkdownParser" name="test_preserves_code_blocks" time="0.005" /><testcase classname="tests.p3_t1_test.TestMarkdownParser" name="test_anchor_generation" time="0.007" /><testcase classname="tests.p3_t1_test.TestMarkdownParser" name="test_token_counting" time="0.006" /><testcase classname="tests.p3_t1_test.TestHTMLParser" name="test_parse_html_document" time="0.002" /><testcase classname="tests.p3_t1_test.TestHTMLParser" name="test_html_determinism" time="0.004" /><testcase classname="tests.p3_t1_test.TestHTMLParser" name="test_html_preserves_code" time="0.002" /><testcase classname="tests.p3_t1_test.TestHTMLParser" name="test_html_preserves_tables" time="0.002" /><testcase classname="tests.p3_t1_test.TestParserDeterminism" name="test_section_id_uniqueness_within_document" time="0.001" /><testcase classname="tests.p3_t1_test.TestParserDeterminism" name="test_checksum_changes_with_content" time="0.001" /><testcase classname="tests.p3_t2_test.TestCommandExtraction" name="test_extracts_commands_from_code_blocks" time="0.008" /><testcase classname="tests.p3_t2_test.TestCommandExtraction" name="test_commands_have_mentions" time="0.006" /><testcase classname="tests.p3_t2_test.TestCommandExtraction" name="test_command_confidence_scores" time="0.006" /><testcase classname="tests.p3_t2_test.TestConfigurationExtraction" name="test_extracts_config_files" time="0.006" /><testcase classname="tests.p3_t2_test.TestConfigurationExtraction" name="test_extracts_config_parameters" time="0.006" /><testcase classname="tests.p3_t2_test.TestConfigurationExtraction" name="test_extracts_env_variables" time="0.005" /><testcase classname="tests.p3_t2_test.TestProcedureExtraction" name="test_extracts_procedures_from_titled_sections" time="0.005" /><testcase classname="tests.p3_t2_test.TestProcedureExtraction" name="test_extracts_steps_from_numbered_lists" time="0.006" /><testcase classname="tests.p3_t2_test.TestProcedureExtraction" name="test_steps_have_procedure_relationship" time="0.006" /><testcase classname="tests.p3_t2_test.TestEntityExtractionPrecision" name="test_minimal_false_positives" time="0.000" /><testcase classname="tests.p3_t2_test.TestEntityExtractionPrecision" name="test_extracts_from_realistic_documentation" time="0.020" /><testcase classname="tests.p3_t2_test.TestEntityExtractionPrecision" name="test_mention_provenance" time="0.006" /></testsuite></testsuites>
