<?xml version="1.0" encoding="utf-8"?><testsuites><testsuite name="pytest" errors="0" failures="0" skipped="0" tests="43" time="43.334" timestamp="2025-10-13T12:55:18.811543" hostname="bgc-mbp-m1.local"><testcase classname="tests.p3_t1_test.TestMarkdownParser" name="test_parse_getting_started" time="0.037" /><testcase classname="tests.p3_t1_test.TestMarkdownParser" name="test_parse_determinism" time="0.131" /><testcase classname="tests.p3_t1_test.TestMarkdownParser" name="test_preserves_code_blocks" time="0.009" /><testcase classname="tests.p3_t1_test.TestMarkdownParser" name="test_anchor_generation" time="0.015" /><testcase classname="tests.p3_t1_test.TestMarkdownParser" name="test_token_counting" time="0.012" /><testcase classname="tests.p3_t1_test.TestHTMLParser" name="test_parse_html_document" time="0.006" /><testcase classname="tests.p3_t1_test.TestHTMLParser" name="test_html_determinism" time="0.008" /><testcase classname="tests.p3_t1_test.TestHTMLParser" name="test_html_preserves_code" time="0.004" /><testcase classname="tests.p3_t1_test.TestHTMLParser" name="test_html_preserves_tables" time="0.004" /><testcase classname="tests.p3_t1_test.TestParserDeterminism" name="test_section_id_uniqueness_within_document" time="0.001" /><testcase classname="tests.p3_t1_test.TestParserDeterminism" name="test_checksum_changes_with_content" time="0.001" /><testcase classname="tests.p3_t2_test.TestCommandExtraction" name="test_extracts_commands_from_code_blocks" time="0.014" /><testcase classname="tests.p3_t2_test.TestCommandExtraction" name="test_commands_have_mentions" time="0.011" /><testcase classname="tests.p3_t2_test.TestCommandExtraction" name="test_command_confidence_scores" time="0.011" /><testcase classname="tests.p3_t2_test.TestConfigurationExtraction" name="test_extracts_config_files" time="0.011" /><testcase classname="tests.p3_t2_test.TestConfigurationExtraction" name="test_extracts_config_parameters" time="0.012" /><testcase classname="tests.p3_t2_test.TestConfigurationExtraction" name="test_extracts_env_variables" time="0.009" /><testcase classname="tests.p3_t2_test.TestProcedureExtraction" name="test_extracts_procedures_from_titled_sections" time="0.011" /><testcase classname="tests.p3_t2_test.TestProcedureExtraction" name="test_extracts_steps_from_numbered_lists" time="0.011" /><testcase classname="tests.p3_t2_test.TestProcedureExtraction" name="test_steps_have_procedure_relationship" time="0.010" /><testcase classname="tests.p3_t2_test.TestEntityExtractionPrecision" name="test_minimal_false_positives" time="0.000" /><testcase classname="tests.p3_t2_test.TestEntityExtractionPrecision" name="test_extracts_from_realistic_documentation" time="0.038" /><testcase classname="tests.p3_t2_test.TestEntityExtractionPrecision" name="test_mention_provenance" time="0.014" /><testcase classname="tests.p3_t3_integration_test.TestGraphConstruction" name="test_idempotent_graph_build" time="4.927" /><testcase classname="tests.p3_t3_integration_test.TestGraphConstruction" name="test_vector_parity" time="2.365" /><testcase classname="tests.p3_t3_test.TestGraphConstruction" name="test_upsert_document_creates_nodes" time="1.179" /><testcase classname="tests.p3_t3_test.TestGraphConstruction" name="test_idempotent_upsert" time="1.322" /><testcase classname="tests.p3_t3_test.TestGraphConstruction" name="test_mentions_have_provenance" time="1.206" /><testcase classname="tests.p3_t3_test.TestGraphConstruction" name="test_embeddings_computed" time="1.181" /><testcase classname="tests.p3_t3_test.TestGraphConstruction" name="test_vector_parity_with_graph" time="1.044" /><testcase classname="tests.p3_t3_test.TestGraphConstruction" name="test_embedding_version_set" time="1.068" /><testcase classname="tests.p3_t3_test.TestBatchProcessing" name="test_batch_size_respected" time="6.938" /><testcase classname="tests.p3_t4_integration_test.TestIncrementalUpdates" name="test_incremental_update_minimal_delta" time="4.153" /><testcase classname="tests.p3_t4_integration_test.TestReconciliation" name="test_reconciliation_drift_repair" time="3.811" /><testcase classname="tests.p3_t4_test.TestIncrementalUpdates" name="test_compute_diff_no_changes" time="1.248" /><testcase classname="tests.p3_t4_test.TestIncrementalUpdates" name="test_compute_diff_with_modifications" time="1.204" /><testcase classname="tests.p3_t4_test.TestIncrementalUpdates" name="test_incremental_update_limited_changes" time="1.399" /><testcase classname="tests.p3_t4_test.TestIncrementalUpdates" name="test_staged_sections_cleanup" time="1.060" /><testcase classname="tests.p3_t4_test.TestReconciliation" name="test_reconcile_no_drift" time="2.254" /><testcase classname="tests.p3_t4_test.TestReconciliation" name="test_reconcile_repairs_drift" time="1.993" /><testcase classname="tests.p3_t4_test.TestReconciliation" name="test_reconciliation_performance" time="1.292" /><testcase classname="tests.p3_t4_test.TestDriftMetrics" name="test_drift_percentage_calculation" time="0.063" /><testcase classname="tests.p3_t4_test.TestDriftMetrics" name="test_drift_threshold_configuration" time="0.012" /></testsuite></testsuites>
