<?xml version="1.0" encoding="utf-8"?><testsuites><testsuite name="pytest" errors="0" failures="0" skipped="0" tests="82" time="10.909" timestamp="2025-10-14T00:26:37.922661" hostname="bgc-mbp-m1.local"><testcase classname="tests.p4_t1_complex_patterns_test" name="test_dependency_chain_query" time="0.020" /><testcase classname="tests.p4_t1_complex_patterns_test" name="test_impact_assessment_query" time="0.025" /><testcase classname="tests.p4_t1_complex_patterns_test" name="test_troubleshooting_path_query" time="0.037" /><testcase classname="tests.p4_t1_test.TestTemplateRegistry" name="test_list_templates" time="0.000" /><testcase classname="tests.p4_t1_test.TestTemplateRegistry" name="test_get_template" time="0.000" /><testcase classname="tests.p4_t1_test.TestTemplateRegistry" name="test_get_unknown_template_raises" time="0.000" /><testcase classname="tests.p4_t1_test.TestTemplateSchemas" name="test_dependency_chain_schema" time="0.000" /><testcase classname="tests.p4_t1_test.TestTemplateSchemas" name="test_impact_assessment_schema" time="0.000" /><testcase classname="tests.p4_t1_test.TestTemplateSchemas" name="test_comparison_schema" time="0.000" /><testcase classname="tests.p4_t1_test.TestTemplateSchemas" name="test_temporal_schema" time="0.000" /><testcase classname="tests.p4_t1_test.TestTemplateSchemas" name="test_troubleshooting_path_schema" time="0.000" /><testcase classname="tests.p4_t1_test.TestTemplateExecution" name="test_dependency_chain_executes" time="0.165" /><testcase classname="tests.p4_t1_test.TestTemplateExecution" name="test_impact_assessment_executes" time="0.018" /><testcase classname="tests.p4_t1_test.TestTemplateExecution" name="test_troubleshooting_path_executes" time="0.049" /><testcase classname="tests.p4_t1_test.TestTemplateOutputs" name="test_dependency_chain_output_structure" time="0.001" /><testcase classname="tests.p4_t1_test.TestTemplateOutputs" name="test_impact_assessment_output_structure" time="0.002" /><testcase classname="tests.p4_t1_test.TestTemplateEdgeCases" name="test_nonexistent_component" time="0.027" /><testcase classname="tests.p4_t1_test.TestTemplateEdgeCases" name="test_nonexistent_config" time="0.002" /><testcase classname="tests.p4_t1_test.TestTemplateEdgeCases" name="test_max_depth_respected" time="0.001" /><testcase classname="tests.p4_t1_test.TestTemplateGuardrails" name="test_all_templates_have_guardrails" time="0.000" /><testcase classname="tests.p4_t1_test.TestTemplateGuardrails" name="test_all_templates_have_file_paths" time="0.000" /><testcase classname="tests.p4_t1_test.TestTemplateGuardrails" name="test_all_templates_have_schemas" time="0.019" /><testcase classname="tests.p4_t2_optimizer_test" name="test_explain_uses_index_seek_for_point_lookup" time="0.013" /><testcase classname="tests.p4_t2_optimizer_test" name="test_traversal_depth_is_capped" time="0.013" /><testcase classname="tests.p4_t2_perf_test.TestBeforeAfterOptimization" name="test_index_optimization_improves_performance" time="1.248" /><testcase classname="tests.p4_t2_perf_test.TestBeforeAfterOptimization" name="test_plan_cache_reduces_overhead" time="0.000" /><testcase classname="tests.p4_t2_perf_test" name="test_generate_performance_report" time="4.417" /><testcase classname="tests.p4_t2_test.TestPlanCache" name="test_cache_stores_and_retrieves_plans" time="0.000" /><testcase classname="tests.p4_t2_test.TestPlanCache" name="test_cache_evicts_lru_when_full" time="0.000" /><testcase classname="tests.p4_t2_test.TestPlanCache" name="test_cache_stats" time="0.000" /><testcase classname="tests.p4_t2_test.TestSlowQueryRecording" name="test_records_slow_queries_above_threshold" time="0.000" /><testcase classname="tests.p4_t2_test.TestSlowQueryRecording" name="test_ignores_fast_queries_below_threshold" time="0.000" /><testcase classname="tests.p4_t2_test.TestSlowQueryRecording" name="test_computes_query_fingerprint" time="0.000" /><testcase classname="tests.p4_t2_test.TestExplainAnalysis" name="test_explain_query_without_index" time="0.176" /><testcase classname="tests.p4_t2_test.TestExplainAnalysis" name="test_explain_query_extracts_operators" time="0.010" /><testcase classname="tests.p4_t2_test.TestIndexRecommendations" name="test_recommends_index_for_label_scan" time="0.000" /><testcase classname="tests.p4_t2_test.TestIndexRecommendations" name="test_extract_label_property_patterns" time="0.000" /><testcase classname="tests.p4_t2_test.TestIndexRecommendations" name="test_export_recommendations_as_cypher" time="0.000" /><testcase classname="tests.p4_t2_test.TestQueryRewrites" name="test_suggests_rewrite_for_unbounded_pattern" time="0.000" /><testcase classname="tests.p4_t2_test.TestQueryRewrites" name="test_suggests_limit_when_missing" time="0.000" /><testcase classname="tests.p4_t2_test.TestOptimizationReport" name="test_analyze_slow_queries_generates_report" time="0.072" /><testcase classname="tests.p4_t2_test.TestOptimizationReport" name="test_report_deduplicates_recommendations" time="0.002" /><testcase classname="tests.p4_t2_test.TestPlanCacheIntegration" name="test_cache_and_retrieve_plan" time="0.000" /><testcase classname="tests.p4_t2_test.TestPlanCacheIntegration" name="test_cache_stats_tracking" time="0.000" /><testcase classname="tests.p4_t2_test" name="test_optimizer_initialization" time="0.017" /><testcase classname="tests.p4_t3_test.TestL1Cache" name="test_l1_basic_get_put" time="0.000" /><testcase classname="tests.p4_t3_test.TestL1Cache" name="test_l1_miss_returns_none" time="0.000" /><testcase classname="tests.p4_t3_test.TestL1Cache" name="test_l1_ttl_expiration" time="1.105" /><testcase classname="tests.p4_t3_test.TestL1Cache" name="test_l1_lru_eviction" time="0.000" /><testcase classname="tests.p4_t3_test.TestL1Cache" name="test_l1_invalidate_prefix" time="0.000" /><testcase classname="tests.p4_t3_test.TestL1Cache" name="test_l1_clear" time="0.000" /><testcase classname="tests.p4_t3_test.TestL2Cache" name="test_l2_basic_get_put" time="0.009" /><testcase classname="tests.p4_t3_test.TestL2Cache" name="test_l2_miss_returns_none" time="0.003" /><testcase classname="tests.p4_t3_test.TestL2Cache" name="test_l2_ttl_expiration" time="1.110" /><testcase classname="tests.p4_t3_test.TestL2Cache" name="test_l2_invalidate_prefix" time="0.005" /><testcase classname="tests.p4_t3_test.TestTieredCache" name="test_tiered_cache_l1_hit" time="0.012" /><testcase classname="tests.p4_t3_test.TestTieredCache" name="test_tiered_cache_l2_promotion" time="0.012" /><testcase classname="tests.p4_t3_test.TestTieredCache" name="test_tiered_cache_miss" time="0.011" /><testcase classname="tests.p4_t3_test.TestTieredCache" name="test_tiered_cache_cached_function" time="0.013" /><testcase classname="tests.p4_t3_test.TestTieredCache" name="test_cache_key_includes_versions" time="0.011" /><testcase classname="tests.p4_t3_test.TestTieredCache" name="test_cache_invalidation_on_version_rotation" time="0.008" /><testcase classname="tests.p4_t3_test.TestTieredCache" name="test_explicit_version_invalidation" time="0.013" /><testcase classname="tests.p4_t3_test.TestQueryWarmer" name="test_warmer_basic_warming" time="0.010" /><testcase classname="tests.p4_t3_test.TestQueryWarmer" name="test_warmer_skips_already_cached" time="0.011" /><testcase classname="tests.p4_t3_test.TestQueryWarmer" name="test_warmer_handles_failures" time="0.013" /><testcase classname="tests.p4_t3_test.TestCachePerformance" name="test_steady_state_hit_rate_exceeds_80_percent" time="0.064" /><testcase classname="tests.p4_t4_test.TestFeedbackCollection" name="test_log_and_retrieve_query" time="0.037" /><testcase classname="tests.p4_t4_test.TestFeedbackCollection" name="test_add_user_feedback" time="0.049" /><testcase classname="tests.p4_t4_test.TestFeedbackCollection" name="test_feedback_statistics" time="0.039" /><testcase classname="tests.p4_t4_test.TestFeedbackCollection" name="test_invalid_rating_rejected" time="0.005" /><testcase classname="tests.p4_t4_test.TestRankingWeightTuner" name="test_compute_ndcg_perfect_ranking" time="0.001" /><testcase classname="tests.p4_t4_test.TestRankingWeightTuner" name="test_compute_ndcg_worst_ranking" time="0.000" /><testcase classname="tests.p4_t4_test.TestRankingWeightTuner" name="test_compute_ndcg_at_k" time="0.000" /><testcase classname="tests.p4_t4_test.TestRankingWeightTuner" name="test_tune_weights_with_feedback" time="0.096" /><testcase classname="tests.p4_t4_test.TestRankingWeightTuner" name="test_tune_weights_insufficient_samples" time="0.049" /><testcase classname="tests.p4_t4_test.TestRankingWeightTuner" name="test_evaluate_weights" time="0.003" /><testcase classname="tests.p4_t4_test.TestSuggestionEngine" name="test_suggest_templates" time="0.080" /><testcase classname="tests.p4_t4_test.TestSuggestionEngine" name="test_suggest_templates_filters_low_rating" time="0.201" /><testcase classname="tests.p4_t4_test.TestSuggestionEngine" name="test_suggest_indexes" time="0.092" /><testcase classname="tests.p4_t4_test.TestSuggestionEngine" name="test_generate_report" time="0.099" /><testcase classname="tests.p4_t4_test.TestIntegration" name="test_end_to_end_learning_loop" time="0.201" /><testcase classname="tests.p4_t4_test.TestIntegration" name="test_ndcg_improvement_demonstration" time="0.086" /></testsuite></testsuites>
