<?xml version="1.0" encoding="utf-8"?><testsuites><testsuite name="pytest" errors="0" failures="0" skipped="6" tests="68" time="149.594" timestamp="2025-10-18T19:00:57.003768" hostname="bgc-mbp-m1.local"><testcase classname="tests.p6_t1_test.TestFileSystemWatcher" name="test_fs_watcher_spool_pattern" time="3.039" /><testcase classname="tests.p6_t1_test.TestFileSystemWatcher" name="test_duplicate_prevention" time="5.031" /><testcase classname="tests.p6_t1_test.TestFileSystemWatcher" name="test_debounce_handling" time="5.039" /><testcase classname="tests.p6_t1_test.TestRedisQueue" name="test_job_enqueue" time="0.012" /><testcase classname="tests.p6_t1_test.TestRedisQueue" name="test_job_dequeue" time="0.013" /><testcase classname="tests.p6_t1_test.TestIngestionServiceHealth" name="test_health_endpoint" time="0.010" /><testcase classname="tests.p6_t1_test.TestIngestionServiceHealth" name="test_metrics_endpoint" time="0.005" /><testcase classname="tests.p6_t1_test.TestBackPressure" name="test_neo4j_backpressure" time="3.059" /><testcase classname="tests.p6_t1_test.TestBackPressure" name="test_qdrant_backpressure" time="3.049" /><testcase classname="tests.p6_t1_test.TestE2EWatcherFlow" name="test_complete_watcher_flow" time="7.053" /><testcase classname="tests.p6_t2_test.TestStateMachine" name="test_state_progression" time="2.753" /><testcase classname="tests.p6_t2_test.TestStateMachine" name="test_error_state" time="0.095" /><testcase classname="tests.p6_t2_test.TestResumeLogic" name="test_resume_from_parsing" time="2.953" /><testcase classname="tests.p6_t2_test.TestResumeLogic" name="test_resume_from_embedding" time="1.268" /><testcase classname="tests.p6_t2_test.TestResumeLogic" name="test_no_duplicate_work_on_resume" time="3.114" /><testcase classname="tests.p6_t2_test.TestIdempotency" name="test_reingest_unchanged_doc" time="2.724" /><testcase classname="tests.p6_t2_test.TestIdempotency" name="test_deterministic_ids" time="4.185" /><testcase classname="tests.p6_t2_test.TestProgressEvents" name="test_progress_events_emitted" time="2.900" /><testcase classname="tests.p6_t2_test.TestProgressEvents" name="test_progress_percentages" time="2.640" /><testcase classname="tests.p6_t2_test.TestPipelineIntegration" name="test_calls_existing_parsers" time="2.635" /><testcase classname="tests.p6_t2_test.TestPipelineIntegration" name="test_calls_existing_extractors" time="2.699" /><testcase classname="tests.p6_t2_test.TestPipelineIntegration" name="test_calls_build_graph" time="3.051" /><testcase classname="tests.p6_t2_test.TestE2EOrchestratorFlow" name="test_complete_job_lifecycle" time="2.975" /><testcase classname="tests.p6_t3_test.TestIngestCommand" name="test_ingest_single_file" time="3.556" /><testcase classname="tests.p6_t3_test.TestIngestCommand" name="test_ingest_glob_pattern" time="2.808" /><testcase classname="tests.p6_t3_test.TestIngestCommand" name="test_ingest_with_tag" time="2.796" /><testcase classname="tests.p6_t3_test.TestIngestCommand" name="test_ingest_watch_mode" time="2.824" /><testcase classname="tests.p6_t3_test.TestIngestCommand" name="test_ingest_dry_run" time="2.800" /><testcase classname="tests.p6_t3_test.TestStatusCommand" name="test_status_all_jobs" time="5.603" /><testcase classname="tests.p6_t3_test.TestStatusCommand" name="test_status_specific_job" time="5.658" /><testcase classname="tests.p6_t3_test.TestTailCommand" name="test_tail_job_logs" time="2.918"><skipped type="pytest.skip" message="Failed to enqueue job for tail test">/Users/brennanconley/vibecode/wekadocs-matrix/tests/p6_t3_test.py:358: Failed to enqueue job for tail test</skipped></testcase><testcase classname="tests.p6_t3_test.TestCancelCommand" name="test_cancel_running_job" time="5.463" /><testcase classname="tests.p6_t3_test.TestCancelCommand" name="test_cancel_nonexistent_job" time="2.842" /><testcase classname="tests.p6_t3_test.TestReportCommand" name="test_report_completed_job" time="2.828"><skipped type="pytest.skip" message="Failed to enqueue job for report test">/Users/brennanconley/vibecode/wekadocs-matrix/tests/p6_t3_test.py:442: Failed to enqueue job for report test</skipped></testcase><testcase classname="tests.p6_t3_test.TestReportCommand" name="test_report_in_progress_job" time="2.731"><skipped type="pytest.skip" message="Failed to enqueue job for in-progress report test">/Users/brennanconley/vibecode/wekadocs-matrix/tests/p6_t3_test.py:475: Failed to enqueue job for in-progress report test</skipped></testcase><testcase classname="tests.p6_t3_test.TestProgressUI" name="test_progress_bar_stages" time="2.783" /><testcase classname="tests.p6_t3_test.TestProgressUI" name="test_progress_percentages" time="2.931" /><testcase classname="tests.p6_t3_test.TestProgressUI" name="test_timing_display" time="2.770" /><testcase classname="tests.p6_t3_test.TestJSONOutput" name="test_json_status_output" time="2.764" /><testcase classname="tests.p6_t3_test.TestJSONOutput" name="test_json_progress_output" time="2.856" /><testcase classname="tests.p6_t3_test.TestErrorHandling" name="test_invalid_file_path" time="2.875" /><testcase classname="tests.p6_t3_test.TestErrorHandling" name="test_redis_connection_failure" time="0.000"><skipped type="pytest.skip" message="Requires stopping Redis - skipping for stack safety">/Users/brennanconley/vibecode/wekadocs-matrix/tests/p6_t3_test.py:640: Requires stopping Redis - skipping for stack safety</skipped></testcase><testcase classname="tests.p6_t3_test.TestErrorHandling" name="test_malformed_command" time="2.721" /><testcase classname="tests.p6_t3_test.TestE2ECLIFlow" name="test_complete_cli_workflow" time="13.270" /><testcase classname="tests.p6_t4_test.TestDriftChecks" name="test_check_drift_no_drift" time="1.108" /><testcase classname="tests.p6_t4_test.TestDriftChecks" name="test_check_drift_calculation" time="0.892" /><testcase classname="tests.p6_t4_test.TestDriftChecks" name="test_check_drift_qdrant_primary" time="0.013" /><testcase classname="tests.p6_t4_test.TestDriftChecks" name="test_check_drift_neo4j_primary" time="0.000"><skipped type="pytest.skip" message="Test requires Neo4j as primary vector store">/Users/brennanconley/vibecode/wekadocs-matrix/tests/p6_t4_test.py:200: Test requires Neo4j as primary vector store</skipped></testcase><testcase classname="tests.p6_t4_test.TestDriftChecks" name="test_check_drift_threshold_validation" time="0.901" /><testcase classname="tests.p6_t4_test.TestSampleQueries" name="test_run_sample_queries_success" time="0.893" /><testcase classname="tests.p6_t4_test.TestSampleQueries" name="test_run_sample_queries_no_config" time="0.909" /><testcase classname="tests.p6_t4_test.TestSampleQueries" name="test_run_sample_queries_no_search_engine" time="0.005" /><testcase classname="tests.p6_t4_test.TestSampleQueries" name="test_sample_query_evidence_required" time="0.903" /><testcase classname="tests.p6_t4_test.TestReadinessVerdict" name="test_compute_readiness_ready" time="0.891" /><testcase classname="tests.p6_t4_test.TestReadinessVerdict" name="test_compute_readiness_high_drift" time="1.106" /><testcase classname="tests.p6_t4_test.TestReadinessVerdict" name="test_compute_readiness_no_evidence" time="0.910" /><testcase classname="tests.p6_t4_test.TestReadinessVerdict" name="test_compute_readiness_no_queries" time="0.908" /><testcase classname="tests.p6_t4_test.TestVerificationIntegration" name="test_verify_ingestion_complete" time="0.981" /><testcase classname="tests.p6_t4_test.TestReportGeneration" name="test_generate_report_structure" time="0.012" /><testcase classname="tests.p6_t4_test.TestReportGeneration" name="test_generate_report_with_errors" time="0.011" /><testcase classname="tests.p6_t4_test.TestReportPersistence" name="test_write_report_json" time="0.014" /><testcase classname="tests.p6_t4_test.TestReportPersistence" name="test_write_report_markdown" time="0.013" /><testcase classname="tests.p6_t4_test.TestReportHelpers" name="test_get_doc_stats" time="0.005" /><testcase classname="tests.p6_t4_test.TestReportHelpers" name="test_get_graph_stats" time="0.010" /><testcase classname="tests.p6_t4_test.TestReportHelpers" name="test_get_vector_stats_qdrant" time="0.007" /><testcase classname="tests.p6_t4_test.TestReportHelpers" name="test_get_vector_stats_neo4j" time="0.002"><skipped type="pytest.skip" message="Test requires Neo4j as primary">/Users/brennanconley/vibecode/wekadocs-matrix/tests/p6_t4_test.py:530: Test requires Neo4j as primary</skipped></testcase><testcase classname="tests.p6_t4_test.TestReportHelpers" name="test_render_markdown_format" time="0.011" /><testcase classname="tests.p6_t4_test.TestReportHelpers" name="test_report_full_flow" time="0.014" /></testsuite></testsuites>
