<?xml version="1.0" encoding="utf-8"?><testsuites><testsuite name="pytest" errors="0" failures="1" skipped="0" tests="85" time="4.508" timestamp="2025-10-12T23:09:52.092839" hostname="bgc-mbp-m1.local"><testcase classname="tests.p2_t1_test.TestIntentClassifier" name="test_classify_search_intent" time="0.001" /><testcase classname="tests.p2_t1_test.TestIntentClassifier" name="test_classify_troubleshoot_intent" time="0.000" /><testcase classname="tests.p2_t1_test.TestIntentClassifier" name="test_classify_compare_intent" time="0.000" /><testcase classname="tests.p2_t1_test.TestIntentClassifier" name="test_classify_explain_intent" time="0.000" /><testcase classname="tests.p2_t1_test.TestIntentClassifier" name="test_classify_traverse_intent" time="0.000" /><testcase classname="tests.p2_t1_test.TestEntityLinker" name="test_link_error_code" time="0.000" /><testcase classname="tests.p2_t1_test.TestEntityLinker" name="test_link_command" time="0.000" /><testcase classname="tests.p2_t1_test.TestEntityLinker" name="test_link_component" time="0.000" /><testcase classname="tests.p2_t1_test.TestTemplateLibrary" name="test_templates_loaded" time="0.001" /><testcase classname="tests.p2_t1_test.TestTemplateLibrary" name="test_has_template" time="0.000" /><testcase classname="tests.p2_t1_test.TestTemplateLibrary" name="test_get_template" time="0.000" /><testcase classname="tests.p2_t1_test.TestTemplateLibrary" name="test_render_template" time="0.000" /><testcase classname="tests.p2_t1_test.TestQueryPlanner" name="test_plan_search_query" time="0.006" /><testcase classname="tests.p2_t1_test.TestQueryPlanner" name="test_plan_troubleshoot_query" time="0.000" /><testcase classname="tests.p2_t1_test.TestQueryPlanner" name="test_plan_has_parameters" time="0.000" /><testcase classname="tests.p2_t1_test.TestQueryPlanner" name="test_plan_has_depth_limit" time="0.000" /><testcase classname="tests.p2_t1_test.TestQueryPlanner" name="test_plan_injects_limit" time="0.001" /><testcase classname="tests.p2_t1_test.TestQueryPlanner" name="test_plan_template_confidence_high" time="0.000" /><testcase classname="tests.p2_t1_test.TestQueryPlanner" name="test_plan_fallback_confidence_lower" time="0.000" /><testcase classname="tests.p2_t1_test.TestQueryPlanner" name="test_parameterization_no_literals" time="0.000" /><testcase classname="tests.p2_t2_test.TestValidatorRegexGuards" name="test_blocks_delete" time="0.000" /><testcase classname="tests.p2_t2_test.TestValidatorRegexGuards" name="test_blocks_detach_delete" time="0.000" /><testcase classname="tests.p2_t2_test.TestValidatorRegexGuards" name="test_blocks_drop" time="0.000" /><testcase classname="tests.p2_t2_test.TestValidatorRegexGuards" name="test_blocks_merge" time="0.000" /><testcase classname="tests.p2_t2_test.TestValidatorRegexGuards" name="test_blocks_set_without_param" time="0.000" /><testcase classname="tests.p2_t2_test.TestValidatorRegexGuards" name="test_blocks_grant_revoke" time="0.000" /><testcase classname="tests.p2_t2_test.TestValidatorRegexGuards" name="test_allows_read_queries" time="0.001" /><testcase classname="tests.p2_t2_test.TestValidatorTraversalDepth" name="test_blocks_excessive_depth" time="0.000" /><testcase classname="tests.p2_t2_test.TestValidatorTraversalDepth" name="test_allows_acceptable_depth" time="0.000" /><testcase classname="tests.p2_t2_test.TestValidatorTraversalDepth" name="test_blocks_invalid_range" time="0.000" /><testcase classname="tests.p2_t2_test.TestValidatorParameterization" name="test_blocks_unparameterized_string_in_where" time="0.000" /><testcase classname="tests.p2_t2_test.TestValidatorParameterization" name="test_allows_parameterized_query" time="0.000" /><testcase classname="tests.p2_t2_test.TestValidatorParameterization" name="test_blocks_large_numeric_literal" time="0.000" /><testcase classname="tests.p2_t2_test.TestValidatorLimits" name="test_adds_limit_if_missing" time="0.000" /><testcase classname="tests.p2_t2_test.TestValidatorLimits" name="test_preserves_existing_limit" time="0.000" /><testcase classname="tests.p2_t2_test.TestValidatorExplainPlan" name="test_analyzes_plan_for_safe_query" time="0.012" /><testcase classname="tests.p2_t2_test.TestValidatorExplainPlan" name="test_warns_or_blocks_expensive_plan" time="0.000" /><testcase classname="tests.p2_t2_test.TestValidatorExplainPlan" name="test_blocks_cartesian_product" time="0.000" /><testcase classname="tests.p2_t2_test.TestValidatorEndToEnd" name="test_validates_safe_template_query" time="0.004" /><testcase classname="tests.p2_t2_test.TestValidatorEndToEnd" name="test_false_positives_under_5_percent" time="0.017" /><testcase classname="tests.p2_t2_test.TestValidatorEndToEnd" name="test_blocks_all_malicious_queries" time="0.000" /><testcase classname="tests.p2_t2_test.TestValidatorDangerousPatterns" name="test_warns_unbounded_relationship" time="0.000" /><testcase classname="tests.p2_t2_test.TestValidatorDangerousPatterns" name="test_warns_where_in_pattern" time="0.000" /><testcase classname="tests.p2_t3_test.TestVectorSearch" name="test_vector_search_returns_results" time="1.425" /><testcase classname="tests.p2_t3_test.TestVectorSearch" name="test_vector_search_ranked_by_score" time="0.041" /><testcase classname="tests.p2_t3_test.TestVectorSearch" name="test_vector_search_respects_k" time="0.013" /><testcase classname="tests.p2_t3_test.TestHybridSearch" name="test_hybrid_search_returns_results" time="0.173" /><testcase classname="tests.p2_t3_test.TestHybridSearch" name="test_hybrid_search_with_expansion" time="0.026" /><testcase classname="tests.p2_t3_test.TestHybridSearch" name="test_hybrid_search_distances" time="0.043" /><testcase classname="tests.p2_t3_test.TestHybridSearch" name="test_hybrid_search_deduplicates" time="0.016" /><testcase classname="tests.p2_t3_test.TestRanking" name="test_ranker_ranks_results" time="0.000" /><testcase classname="tests.p2_t3_test.TestRanking" name="test_ranker_features_computed" time="0.000" /><testcase classname="tests.p2_t3_test.TestRanking" name="test_ranker_deterministic_ties" time="0.000" /><testcase classname="tests.p2_t3_test.TestRanking" name="test_ranker_prefers_high_semantic_score" time="0.000" /><testcase classname="tests.p2_t3_test.TestRanking" name="test_ranker_prefers_close_distance" time="0.000" /><testcase classname="tests.p2_t3_test.TestPerformance" name="test_hybrid_search_p95_latency_warmed" time="0.490" /><testcase classname="tests.p2_t3_test.TestPerformance" name="test_vector_search_latency" time="0.032" /><testcase classname="tests.p2_t3_test.TestPerformance" name="test_graph_expansion_bounded" time="0.014" /><testcase classname="tests.p2_t3_test.TestEndToEnd" name="test_full_pipeline" time="0.034" /><testcase classname="tests.p2_t3_test.TestEndToEnd" name="test_search_with_filters" time="0.025"><failure message="assert (None == '56ab1abbf728736952e3c70927f2a47d36f51c947499a6805b902ff9e9de958c' or '56ab1abbf728736952e3c70927f2a47d36f51c947499a6805b902ff9e9de958c' in &quot;{'id': '2a04a0207fd61425e6cf5030afe366a0c55b88d914589e739d37e61343b37085', 'category': 'cluster', 'updated_at': neo4j..., 13, 2, 2, 28, 172000000, tzinfo=&lt;UTC&gt;), 'description': 'Create a new WekaFS cluster', 'name': 'weka cluster create'}&quot;)&#10; +  where None = &lt;built-in method get of dict object at 0x11b8bb380&gt;('document_id')&#10; +    where &lt;built-in method get of dict object at 0x11b8bb380&gt; = {'category': 'cluster', 'description': 'Create a new WekaFS cluster', 'id': '2a04a0207fd61425e6cf5030afe366a0c55b88d914589e739d37e61343b37085', 'name': 'weka cluster create', ...}.get&#10; +      where {'category': 'cluster', 'description': 'Create a new WekaFS cluster', 'id': '2a04a0207fd61425e6cf5030afe366a0c55b88d914589e739d37e61343b37085', 'name': 'weka cluster create', ...} = SearchResult(node_id='2a04a0207fd61425e6cf5030afe366a0c55b88d914589e739d37e61343b37085', node_label='Command', score=0...e047f4a567731839b5044d8c74602dcc5cb523d0be72d04a', '2a04a0207fd61425e6cf5030afe366a0c55b88d914589e739d37e61343b37085']).metadata&#10; +  and   &quot;{'id': '2a04a0207fd61425e6cf5030afe366a0c55b88d914589e739d37e61343b37085', 'category': 'cluster', 'updated_at': neo4j..., 13, 2, 2, 28, 172000000, tzinfo=&lt;UTC&gt;), 'description': 'Create a new WekaFS cluster', 'name': 'weka cluster create'}&quot; = str({'category': 'cluster', 'description': 'Create a new WekaFS cluster', 'id': '2a04a0207fd61425e6cf5030afe366a0c55b88d914589e739d37e61343b37085', 'name': 'weka cluster create', ...})&#10; +    where {'category': 'cluster', 'description': 'Create a new WekaFS cluster', 'id': '2a04a0207fd61425e6cf5030afe366a0c55b88d914589e739d37e61343b37085', 'name': 'weka cluster create', ...} = SearchResult(node_id='2a04a0207fd61425e6cf5030afe366a0c55b88d914589e739d37e61343b37085', node_label='Command', score=0...e047f4a567731839b5044d8c74602dcc5cb523d0be72d04a', '2a04a0207fd61425e6cf5030afe366a0c55b88d914589e739d37e61343b37085']).metadata">E   assert (None == '56ab1abbf728736952e3c70927f2a47d36f51c947499a6805b902ff9e9de958c' or '56ab1abbf728736952e3c70927f2a47d36f51c947499a6805b902ff9e9de958c' in "{'id': '2a04a0207fd61425e6cf5030afe366a0c55b88d914589e739d37e61343b37085', 'category': 'cluster', 'updated_at': neo4j..., 13, 2, 2, 28, 172000000, tzinfo=&lt;UTC&gt;), 'description': 'Create a new WekaFS cluster', 'name': 'weka cluster create'}")
     +  where None = &lt;built-in method get of dict object at 0x11b8bb380&gt;('document_id')
     +    where &lt;built-in method get of dict object at 0x11b8bb380&gt; = {'category': 'cluster', 'description': 'Create a new WekaFS cluster', 'id': '2a04a0207fd61425e6cf5030afe366a0c55b88d914589e739d37e61343b37085', 'name': 'weka cluster create', ...}.get
     +      where {'category': 'cluster', 'description': 'Create a new WekaFS cluster', 'id': '2a04a0207fd61425e6cf5030afe366a0c55b88d914589e739d37e61343b37085', 'name': 'weka cluster create', ...} = SearchResult(node_id='2a04a0207fd61425e6cf5030afe366a0c55b88d914589e739d37e61343b37085', node_label='Command', score=0...e047f4a567731839b5044d8c74602dcc5cb523d0be72d04a', '2a04a0207fd61425e6cf5030afe366a0c55b88d914589e739d37e61343b37085']).metadata
     +  and   "{'id': '2a04a0207fd61425e6cf5030afe366a0c55b88d914589e739d37e61343b37085', 'category': 'cluster', 'updated_at': neo4j..., 13, 2, 2, 28, 172000000, tzinfo=&lt;UTC&gt;), 'description': 'Create a new WekaFS cluster', 'name': 'weka cluster create'}" = str({'category': 'cluster', 'description': 'Create a new WekaFS cluster', 'id': '2a04a0207fd61425e6cf5030afe366a0c55b88d914589e739d37e61343b37085', 'name': 'weka cluster create', ...})
     +    where {'category': 'cluster', 'description': 'Create a new WekaFS cluster', 'id': '2a04a0207fd61425e6cf5030afe366a0c55b88d914589e739d37e61343b37085', 'name': 'weka cluster create', ...} = SearchResult(node_id='2a04a0207fd61425e6cf5030afe366a0c55b88d914589e739d37e61343b37085', node_label='Command', score=0...e047f4a567731839b5044d8c74602dcc5cb523d0be72d04a', '2a04a0207fd61425e6cf5030afe366a0c55b88d914589e739d37e61343b37085']).metadata</failure></testcase><testcase classname="tests.p2_t4_test.TestEvidence" name="test_extract_evidence" time="0.000" /><testcase classname="tests.p2_t4_test.TestEvidence" name="test_evidence_has_section_id" time="0.000" /><testcase classname="tests.p2_t4_test.TestEvidence" name="test_evidence_has_snippet" time="0.000" /><testcase classname="tests.p2_t4_test.TestEvidence" name="test_evidence_has_path" time="0.000" /><testcase classname="tests.p2_t4_test.TestConfidence" name="test_estimate_confidence_in_range" time="0.000" /><testcase classname="tests.p2_t4_test.TestConfidence" name="test_high_confidence_for_strong_results" time="0.000" /><testcase classname="tests.p2_t4_test.TestConfidence" name="test_low_confidence_for_weak_results" time="0.000" /><testcase classname="tests.p2_t4_test.TestDiagnostics" name="test_diagnostics_has_ranking_features" time="0.000" /><testcase classname="tests.p2_t4_test.TestDiagnostics" name="test_diagnostics_has_timing" time="0.000" /><testcase classname="tests.p2_t4_test.TestDiagnostics" name="test_diagnostics_has_candidate_count" time="0.000" /><testcase classname="tests.p2_t4_test.TestStructuredResponse" name="test_structured_response_schema" time="0.000" /><testcase classname="tests.p2_t4_test.TestStructuredResponse" name="test_structured_response_json_serializable" time="0.000" /><testcase classname="tests.p2_t4_test.TestStructuredResponse" name="test_evidence_array_structure" time="0.000" /><testcase classname="tests.p2_t4_test.TestMarkdownResponse" name="test_markdown_contains_query" time="0.000" /><testcase classname="tests.p2_t4_test.TestMarkdownResponse" name="test_markdown_contains_intent" time="0.000" /><testcase classname="tests.p2_t4_test.TestMarkdownResponse" name="test_markdown_contains_confidence" time="0.000" /><testcase classname="tests.p2_t4_test.TestMarkdownResponse" name="test_markdown_contains_evidence" time="0.000" /><testcase classname="tests.p2_t4_test.TestMarkdownResponse" name="test_markdown_contains_why_these_results" time="0.000" /><testcase classname="tests.p2_t4_test.TestMarkdownResponse" name="test_markdown_is_formatted" time="0.000" /><testcase classname="tests.p2_t4_test.TestIntentSpecificAnswers" name="test_search_intent_answer" time="0.000" /><testcase classname="tests.p2_t4_test.TestIntentSpecificAnswers" name="test_troubleshoot_intent_answer" time="0.000" /><testcase classname="tests.p2_t4_test.TestIntentSpecificAnswers" name="test_compare_intent_answer" time="0.000" /><testcase classname="tests.p2_t4_test.TestEndToEnd" name="test_complete_response_generation" time="0.000" /><testcase classname="tests.p2_t4_test.TestEndToEnd" name="test_response_has_both_formats" time="0.000" /><testcase classname="tests.p2_t4_test.TestEndToEnd" name="test_empty_results_handled_gracefully" time="0.001" /></testsuite></testsuites>
