<?xml version="1.0" encoding="utf-8"?><testsuites><testsuite name="pytest" errors="0" failures="0" skipped="0" tests="38" time="3.683" timestamp="2025-10-12T21:46:55.054405" hostname="bgc-mbp-m1.local"><testcase classname="tests.p1_t1_test" name="test_docker_compose_exists" time="0.001" /><testcase classname="tests.p1_t1_test" name="test_env_example_exists" time="0.000" /><testcase classname="tests.p1_t1_test" name="test_neo4j_connectivity" time="0.022" /><testcase classname="tests.p1_t1_test" name="test_redis_connectivity" time="0.010" /><testcase classname="tests.p1_t1_test" name="test_qdrant_connectivity" time="0.654" /><testcase classname="tests.p1_t1_test" name="test_health_endpoint" time="0.285" /><testcase classname="tests.p1_t1_test" name="test_readiness_endpoint" time="0.005" /><testcase classname="tests.p1_t1_test" name="test_data_persistence_after_restart" time="0.000" /><testcase classname="tests.p1_t2_test" name="test_mcp_initialize_endpoint" time="0.003" /><testcase classname="tests.p1_t2_test" name="test_mcp_tools_list_endpoint" time="0.003" /><testcase classname="tests.p1_t2_test" name="test_mcp_tools_call_endpoint" time="0.003" /><testcase classname="tests.p1_t2_test" name="test_correlation_id_header" time="0.002" /><testcase classname="tests.p1_t2_test" name="test_metrics_endpoint" time="0.003" /><testcase classname="tests.p1_t2_test" name="test_connection_pools_created" time="0.002" /><testcase classname="tests.p1_t2_test" name="test_async_connection_pools" time="0.007" /><testcase classname="tests.p1_t2_test" name="test_graceful_shutdown_handlers_exist" time="0.000" /><testcase classname="tests.p1_t2_test" name="test_structured_logging_configured" time="0.000" /><testcase classname="tests.p1_t2_test" name="test_opentelemetry_tracing_setup" time="0.000" /><testcase classname="tests.p1_t3_test" name="test_schema_creation" time="0.121" /><testcase classname="tests.p1_t3_test" name="test_constraints_exist" time="0.003" /><testcase classname="tests.p1_t3_test" name="test_indexes_exist" time="0.005" /><testcase classname="tests.p1_t3_test" name="test_vector_indexes_exist" time="0.003" /><testcase classname="tests.p1_t3_test" name="test_schema_version_node" time="0.009" /><testcase classname="tests.p1_t3_test" name="test_schema_idempotence" time="0.068" /><testcase classname="tests.p1_t3_test" name="test_can_create_document_node" time="0.009" /><testcase classname="tests.p1_t3_test" name="test_can_create_section_node" time="0.008" /><testcase classname="tests.p1_t4_test" name="test_jwt_token_creation" time="0.029" /><testcase classname="tests.p1_t4_test" name="test_jwt_token_verification" time="0.000" /><testcase classname="tests.p1_t4_test" name="test_invalid_jwt_token_rejected" time="0.046" /><testcase classname="tests.p1_t4_test" name="test_expired_jwt_token_rejected" time="0.007" /><testcase classname="tests.p1_t4_test" name="test_rate_limiter_allows_normal_requests" time="0.019" /><testcase classname="tests.p1_t4_test" name="test_rate_limiter_blocks_burst_requests" time="0.012" /><testcase classname="tests.p1_t4_test" name="test_rate_limiter_refills_over_time" time="2.006" /><testcase classname="tests.p1_t4_test" name="test_audit_logger_logs_request" time="0.000" /><testcase classname="tests.p1_t4_test" name="test_audit_logger_logs_response" time="0.000" /><testcase classname="tests.p1_t4_test" name="test_audit_logger_logs_auth_events" time="0.000" /><testcase classname="tests.p1_t4_test" name="test_audit_logger_logs_security_events" time="0.000" /><testcase classname="tests.p1_t4_test" name="test_correlation_id_in_logs" time="0.004" /></testsuite></testsuites>
